<?xml version="1.0" encoding="UTF-8"?>
<!-- Generated by org.testng.reporters.JUnitReportReporter -->
<testsuite skipped="0" hostname="XIDP-IND-APT48" name="LOB.EP.EP_Singapore" tests="1" failures="0" timestamp="04 Nov 2017 12:28:29 GMT" time="199.481" errors="0">
  <testcase name="SuiteOneCaseTwoTest" time="199.481" classname="LOB.EP.EP_Singapore"/>
</testsuite> <!-- LOB.EP.EP_Singapore -->
