<?xml version="1.0" encoding="UTF-8"?>
<!-- Generated by org.testng.reporters.JUnitReportReporter -->
<testsuite skipped="0" hostname="XIPL6L198" name="LOB.Casualty.Casualty_NewZealand" tests="1" failures="0" timestamp="10 Nov 2017 08:16:07 GMT" time="588.517" errors="0">
  <testcase name="SuiteOneCaseTwoTest" time="588.517" classname="LOB.Casualty.Casualty_NewZealand"/>
</testsuite> <!-- LOB.Casualty.Casualty_NewZealand -->
