<?xml version="1.0" encoding="UTF-8"?>
<!-- Generated by org.testng.reporters.JUnitReportReporter -->
<testsuite skipped="0" hostname="XIPL6L198" name="LOB.HealthCare.HealthCare_US" tests="1" failures="0" timestamp="13 Nov 2017 09:09:16 GMT" time="204.505" errors="0">
  <testcase name="SuiteOneCaseTwoTest" time="204.505" classname="LOB.HealthCare.HealthCare_US"/>
</testsuite> <!-- LOB.HealthCare.HealthCare_US -->
