<?xml version="1.0" encoding="UTF-8"?>
<!-- Generated by org.testng.reporters.JUnitReportReporter -->
<testsuite skipped="0" hostname="XIDP-IND-APT48" name="LOB.EP.EP_Australia" tests="1" failures="0" timestamp="04 Nov 2017 09:58:00 GMT" time="207.296" errors="0">
  <testcase name="SuiteOneCaseTwoTest" time="207.296" classname="LOB.EP.EP_Australia"/>
</testsuite> <!-- LOB.EP.EP_Australia -->
