<?xml version="1.0" encoding="UTF-8"?>
<!-- Generated by org.testng.reporters.JUnitReportReporter -->
<testsuite skipped="0" hostname="XIDP-IND-APT48" name="LOB.Casualty.Casualty_Singapore" tests="1" failures="0" timestamp="28 Oct 2017 07:07:14 GMT" time="66.315" errors="0">
  <testcase name="SuiteOneCaseTwoTest" time="66.315" classname="LOB.Casualty.Casualty_Singapore"/>
</testsuite> <!-- LOB.Casualty.Casualty_Singapore -->
