<?xml version="1.0" encoding="UTF-8"?>
<!-- Generated by org.testng.reporters.JUnitReportReporter -->
<testsuite skipped="0" hostname="XIDP-IND-APT48" name="LOB.Casualty.Casualty_Canada" tests="1" failures="0" timestamp="28 Oct 2017 06:56:04 GMT" time="341.844" errors="0">
  <testcase name="SuiteOneCaseTwoTest" time="341.844" classname="LOB.Casualty.Casualty_Canada"/>
</testsuite> <!-- LOB.Casualty.Casualty_Canada -->
