<?xml version="1.0" encoding="UTF-8"?>
<!-- Generated by org.testng.reporters.JUnitReportReporter -->
<testsuite hostname="XIDP-IND-APT48" name="LOB.EP.EP_NorthAmerica" tests="1" failures="0" timestamp="22 Aug 2017 14:40:59 GMT" time="862.125" errors="0">
  <testcase name="SuiteOneCaseTwoTest" time="862.125" classname="LOB.EP.EP_NorthAmerica"/>
</testsuite> <!-- LOB.EP.EP_NorthAmerica -->
