<?xml version="1.0" encoding="UTF-8"?>
<!-- Generated by org.testng.reporters.JUnitReportReporter -->
<testsuite skipped="0" hostname="XIDP-IND-APT48" name="LOB.EP.EP_US" tests="1" failures="0" timestamp="04 Nov 2017 09:32:38 GMT" time="427.961" errors="0">
  <testcase name="SuiteOneCaseTwoTest" time="427.961" classname="LOB.EP.EP_US"/>
</testsuite> <!-- LOB.EP.EP_US -->
