<?xml version="1.0" encoding="UTF-8"?>
<!-- Generated by org.testng.reporters.JUnitReportReporter -->
<testsuite skipped="0" hostname="XIDP-IND-APT48" name="LOB.Casualty.Casualty_Macau" tests="1" failures="0" timestamp="28 Oct 2017 07:22:54 GMT" time="325.423" errors="0">
  <testcase name="SuiteOneCaseTwoTest" time="325.423" classname="LOB.Casualty.Casualty_Macau"/>
</testsuite> <!-- LOB.Casualty.Casualty_Macau -->
