<?xml version="1.0" encoding="UTF-8"?>
<!-- Generated by org.testng.reporters.JUnitReportReporter -->
<testsuite skipped="0" hostname="XIDP-IND-APT48" name="Utility.StatusInit" tests="1" failures="0" timestamp="27 Sep 2017 13:48:13 GMT" time="0.069" errors="0">
  <testcase name="initStatus" time="0.069" classname="Utility.StatusInit"/>
</testsuite> <!-- Utility.StatusInit -->
