<?xml version="1.0" encoding="UTF-8"?>
<!-- Generated by org.testng.reporters.JUnitReportReporter -->
<testsuite skipped="0" hostname="XIDP-IND-APT48" name="LOB.EP.EP_Canada" tests="1" failures="0" timestamp="28 Oct 2017 09:03:58 GMT" time="352.891" errors="0">
  <testcase name="SuiteOneCaseTwoTest" time="352.891" classname="LOB.EP.EP_Canada"/>
</testsuite> <!-- LOB.EP.EP_Canada -->
