<?xml version="1.0" encoding="UTF-8"?>
<!-- Generated by org.testng.reporters.JUnitReportReporter -->
<testsuite skipped="0" hostname="XIDP-IND-APT48" name="LOB.EP.EP_HongKong" tests="1" failures="0" timestamp="04 Nov 2017 12:09:02 GMT" time="273.535" errors="0">
  <testcase name="SuiteOneCaseTwoTest" time="273.535" classname="LOB.EP.EP_HongKong"/>
</testsuite> <!-- LOB.EP.EP_HongKong -->
