<?xml version="1.0" encoding="UTF-8"?>
<!-- Generated by org.testng.reporters.JUnitReportReporter -->
<testsuite skipped="0" hostname="XIDP-IND-APT48" name="MercuryTest.MercuryTour" tests="1" failures="0" timestamp="02 Feb 2018 06:41:32 GMT" time="34.077" errors="0">
  <testcase name="mercuryTour" time="34.077" classname="MercuryTest.MercuryTour"/>
</testsuite> <!-- MercuryTest.MercuryTour -->
