<?xml version="1.0" encoding="UTF-8"?>
<!-- Generated by org.testng.reporters.JUnitReportReporter -->
<testsuite skipped="0" hostname="XIDP-IND-APT48" name="LOB.EP.EP_NewZealand" tests="1" failures="0" timestamp="04 Nov 2017 10:17:01 GMT" time="492.312" errors="0">
  <testcase name="SuiteOneCaseTwoTest" time="492.312" classname="LOB.EP.EP_NewZealand"/>
</testsuite> <!-- LOB.EP.EP_NewZealand -->
