<?xml version="1.0" encoding="UTF-8"?>
<!-- Generated by org.testng.reporters.JUnitReportReporter -->
<testsuite skipped="0" hostname="XIDP-IND-APT48" name="Utility.Email" tests="1" failures="0" timestamp="09 Oct 2017 13:36:40 GMT" time="19.395" errors="0">
  <testcase name="sendMail" time="19.395" classname="Utility.Email"/>
</testsuite> <!-- Utility.Email -->
