<?xml version="1.0" encoding="UTF-8"?>
<!-- Generated by org.testng.reporters.JUnitReportReporter -->
<testsuite skipped="0" hostname="XIDP-IND-APT48" name="LOB.Casualty.Casualty_HongKong" tests="1" failures="0" timestamp="20 Oct 2017 08:24:30 GMT" time="614.570" errors="0">
  <testcase name="SuiteOneCaseTwoTest" time="614.570" classname="LOB.Casualty.Casualty_HongKong"/>
</testsuite> <!-- LOB.Casualty.Casualty_HongKong -->
