<?xml version="1.0" encoding="UTF-8"?>
<!-- Generated by org.testng.reporters.JUnitReportReporter -->
<testsuite skipped="0" hostname="XIDP-IND-APT48" name="LOB.Casualty.Casualty_NorthAmerica" tests="1" failures="0" timestamp="01 Sep 2017 06:36:08 GMT" time="852.225" errors="0">
  <testcase name="SuiteOneCaseTwoTest" time="852.225" classname="LOB.Casualty.Casualty_NorthAmerica"/>
</testsuite> <!-- LOB.Casualty.Casualty_NorthAmerica -->
