<?xml version="1.0" encoding="UTF-8"?>
<!-- Generated by org.testng.reporters.JUnitReportReporter -->
<testsuite skipped="0" hostname="XIDP-IND-APT48" name="LOB.Property.Property_US" tests="1" failures="0" timestamp="04 Nov 2017 08:50:15 GMT" time="467.945" errors="0">
  <testcase name="SuiteOneCaseTwoTest" time="467.945" classname="LOB.Property.Property_US"/>
</testsuite> <!-- LOB.Property.Property_US -->
